[handleMsg]:  {
  key: {
    remoteJid: '51915041603@s.whatsapp.net',
    fromMe: false,
    id: '3EB0D0092082B4F1FA9353',
    participant: undefined
  },
  messageTimestamp: 1696437061,
  pushName: 'Luis L贸pez ',
  broadcast: false,
  message: Message {
    extendedTextMessage: ExtendedTextMessage {
      text: 'Hola quisiera mas informaci贸n',
      contextInfo: [ContextInfo],
      inviteLinkGroupTypeV2: 0
    },
    messageContextInfo: MessageContextInfo {
      deviceListMetadata: [DeviceListMetadata],
      deviceListMetadataVersion: 2
    }
  },
  body: 'Hola quisiera mas informaci贸n',
  from: '51915041603'
}
[QUEUE_SE_ENVIO]:  {
  ref: 'ans_486a61ff-951c-4285-91fe-935b65cbfc3e',
  keyword: 'key_13b49956-eabe-4038-a598-e906b0e66fa3',
  answer: 'Bienvenid@ a *FORSEG PEDIDO SUR*!А吼 Soy  tu asesor virtual.',
  options: {
    media: null,
    buttons: [],
    capture: false,
    child: null,
    delay: 0,
    nested: [],
    keyword: {},
    callback: false
  },
  refSerialize: '9aa0e09dd7d96a9d4f9024286e246c0e'
}
[QUEUE_SE_ENVIO]:  {
  ref: 'ans_9159a55f-8087-4697-acae-9907042b0cb5',
  keyword: 'ans_486a61ff-951c-4285-91fe-935b65cbfc3e',
  answer: '驴Con quien tenemos el gusto?',
  options: {
    media: null,
    buttons: [],
    capture: true,
    child: null,
    delay: 0,
    nested: [],
    keyword: {},
    callback: true
  },
  refSerialize: '101923f0012ef9c2859cdbc97836054b'
}
[handleMsg]:  {
  key: {
    remoteJid: '51915041603@s.whatsapp.net',
    fromMe: false,
    id: '3EB04537E4000329331B8B',
    participant: undefined
  },
  messageTimestamp: 1696437065,
  pushName: 'Luis L贸pez ',
  broadcast: false,
  message: Message {
    extendedTextMessage: ExtendedTextMessage {
      text: 'luis lopez',
      contextInfo: [ContextInfo],
      inviteLinkGroupTypeV2: 0
    },
    messageContextInfo: MessageContextInfo {
      deviceListMetadata: [DeviceListMetadata],
      deviceListMetadataVersion: 2
    }
  },
  body: 'luis lopez',
  from: '51915041603'
}
[QUEUE_SE_ENVIO]:  {
  ref: 'ans_dc1d8292-40e2-4f2e-b18f-fcce33437b8e',
  keyword: 'ans_9159a55f-8087-4697-acae-9907042b0cb5',
  answer: '驴Con que RUC lo registramos / Cotizamos?\n' +
    'Si cuenta con RUC 10 ingrese su *Domicio Fiscal*',
  options: {
    media: null,
    buttons: [],
    capture: true,
    child: null,
    delay: 0,
    nested: [],
    keyword: {},
    callback: true
  },
  refSerialize: '54ed31a51a27e6c69720b101ac1d1f14'
}
[handleMsg]:  {
  key: {
    remoteJid: '51915041603@s.whatsapp.net',
    fromMe: false,
    id: '3EB0A8F1FCA746B034DF5E',
    participant: undefined
  },
  messageTimestamp: 1696437078,
  pushName: 'Luis L贸pez ',
  broadcast: false,
  message: Message {
    extendedTextMessage: ExtendedTextMessage {
      text: '12345678 x',
      contextInfo: [ContextInfo],
      inviteLinkGroupTypeV2: 0
    },
    messageContextInfo: MessageContextInfo {
      deviceListMetadata: [DeviceListMetadata],
      deviceListMetadataVersion: 2
    }
  },
  body: '12345678 x',
  from: '51915041603'
}
[QUEUE_SE_ENVIO]:  {
  ref: 'ans_4c1624a4-386f-4ae0-918c-691f0450301b',
  keyword: 'ans_dc1d8292-40e2-4f2e-b18f-fcce33437b8e',
  answer: '驴En que zona de Lima le llevamos| provincia le enviamos el pedido?',
  options: {
    media: null,
    buttons: [],
    capture: true,
    child: null,
    delay: 0,
    nested: [ [Object], [Object] ],
    keyword: {},
    callback: true
  },
  refSerialize: 'dbd44e14a9828befe1f3f6c01d206ad4'
}
[handleMsg]:  {
  key: {
    remoteJid: '51915041603@s.whatsapp.net',
    fromMe: false,
    id: '3EB02E06E7934878471DD0',
    participant: undefined
  },
  messageTimestamp: 1696437088,
  pushName: 'Luis L贸pez ',
  broadcast: false,
  message: Message {
    extendedTextMessage: ExtendedTextMessage {
      text: 'San Miguel',
      contextInfo: [ContextInfo],
      inviteLinkGroupTypeV2: 0
    },
    messageContextInfo: MessageContextInfo {
      deviceListMetadata: [DeviceListMetadata],
      deviceListMetadataVersion: 2
    }
  },
  body: 'San Miguel',
  from: '51915041603'
}
[QUEUE_SE_ENVIO]:  {
  ref: 'ans_c2a00caf-3880-4abc-95e2-d966de3c316d',
  keyword: 'key_599acef2-8a59-463e-bc9b-c4b8a90c5061',
  answer: '驴C贸mo podemos ayudarte?\n' +
    ' 1锔 Deseo cotizar\n' +
    ' 2锔 Quiero productos de EPPs y se帽alizaci贸n \n' +
    ' 3锔 Necesito asesoria tecnica en caracteristicas, especificaciones y uso de EPPs\n' +
    ' 4锔 Requiero una presentaci贸n de muestras en mi centro comercial\n' +
    ' 5锔 Otros\n' +
    'Escribe la opci贸n que deseas锔',
  options: {
    media: null,
    buttons: [],
    capture: true,
    child: null,
    delay: 0,
    nested: [
      [Object], [Object],
      [Object], [Object],
      [Object], [Object],
      [Object], [Object],
      [Object], [Object]
    ],
    keyword: {},
    callback: true
  },
  refSerialize: 'ea741b03aad598d2789b5c3cd49bf649'
}
[handleMsg]:  {
  key: {
    remoteJid: '51915041603@s.whatsapp.net',
    fromMe: false,
    id: '3EB055391FD57D700879D5',
    participant: undefined
  },
  messageTimestamp: 1696437092,
  pushName: 'Luis L贸pez ',
  broadcast: false,
  message: Message {
    extendedTextMessage: ExtendedTextMessage {
      text: '2',
      contextInfo: [ContextInfo],
      inviteLinkGroupTypeV2: 0
    },
    messageContextInfo: MessageContextInfo {
      deviceListMetadata: [DeviceListMetadata],
      deviceListMetadataVersion: 2
    }
  },
  body: '2',
  from: '51915041603'
}
[QUEUE_SE_ENVIO]:  {
  ref: 'ans_7fc92934-ae44-4f0f-ab54-0f14c9eae42a',
  keyword: 'key_7b671bc2-e663-4d91-a2fb-4ea3d9bff241',
  answer: '驴Qu茅 productos de EPPs, se帽alizaci贸n requiere?\n' +
    'Escriba el producto y la cantidad deseada en un solo mensaje (Si tiene una Marca | Talla | Modelo no dudes en enviarlo)\n' +
    'Si es muy amable de enviar una imagen',
  options: {
    media: null,
    buttons: [],
    capture: true,
    child: null,
    delay: 0,
    nested: [ [Object], [Object], [Object], [Object] ],
    keyword: {},
    callback: true
  },
  refSerialize: 'eb2d5ce01a509f9d1e139035671175a7'
}
[handleMsg]:  {
  key: {
    remoteJid: '51915041603@s.whatsapp.net',
    fromMe: false,
    id: '3EB06420F029D0A8FF902E',
    participant: undefined
  },
  messageTimestamp: 1696437100,
  pushName: 'Luis L贸pez ',
  broadcast: false,
  message: Message {
    extendedTextMessage: ExtendedTextMessage {
      text: '2 mascariilas, marca NIKE, talla 23, Modelo alcatraz',
      contextInfo: [ContextInfo],
      inviteLinkGroupTypeV2: 0
    },
    messageContextInfo: MessageContextInfo {
      deviceListMetadata: [DeviceListMetadata],
      deviceListMetadataVersion: 2
    }
  },
  body: '2 mascariilas, marca NIKE, talla 23, Modelo alcatraz',
  from: '51915041603'
}
[QUEUE_SE_ENVIO]:  {
  ref: 'ans_c65d5009-0c25-4cb9-941b-7e9abe1c26b6',
  keyword: 'key_7bf0bf98-bb9e-4b22-b975-8eeb188aa71d',
  answer: 'Revisando *stock disponible y las mejores ofertas para usted*, en breve le confirmare',
  options: {
    media: null,
    buttons: [],
    capture: false,
    child: null,
    delay: 0,
    nested: [],
    keyword: {},
    callback: false
  },
  refSerialize: '291918474aa0389f76eb95e9d2f77cca'
}
[QUEUE_SE_ENVIO]:  {
  ref: 'ans_86e584dc-5448-40d7-9514-043bbc92fe91',
  keyword: 'ans_c65d5009-0c25-4cb9-941b-7e9abe1c26b6',
  answer: '__call_action__',
  options: {
    media: null,
    buttons: [],
    capture: false,
    child: null,
    delay: 0,
    nested: [],
    keyword: {},
    callback: true
  },
  refSerialize: 'c19d798f21b0b0b582a47fd341cd9a17'
}
[QUEUE_SE_ENVIO]:  {
  ref: 'ans_b57b2bbb-cf78-452f-a4f1-160cb55e7676',
  keyword: 'ans_86e584dc-5448-40d7-9514-043bbc92fe91',
  answer: 'Para poder darte un servicio cada vez mejor y atenderte de acuerdo a tus necesidades, por favor, cu茅ntanos tu experiencia\n' +
    'https://forms.gle/eeNZVRQGKVNEhgYr6',
  options: {
    media: null,
    buttons: [],
    capture: false,
    child: null,
    delay: 5000,
    nested: [],
    keyword: {},
    callback: false
  },
  refSerialize: '5eab1c348cac46904c2cc2773be05e62'
}
[handleMsg]:  {
  key: {
    remoteJid: '51915041603@s.whatsapp.net',
    fromMe: false,
    id: '3EB0C31FC590C3D4216855',
    participant: undefined
  },
  messageTimestamp: 1696437119,
  pushName: 'Luis L贸pez ',
  broadcast: false,
  message: Message {
    extendedTextMessage: ExtendedTextMessage {
      text: 'Hola quisiera mas informaci贸n',
      contextInfo: [ContextInfo],
      inviteLinkGroupTypeV2: 0
    },
    messageContextInfo: MessageContextInfo {
      deviceListMetadata: [DeviceListMetadata],
      deviceListMetadataVersion: 2
    }
  },
  body: 'Hola quisiera mas informaci贸n',
  from: '51915041603'
}
[QUEUE_SE_ENVIO]:  {
  ref: 'ans_486a61ff-951c-4285-91fe-935b65cbfc3e',
  keyword: 'key_13b49956-eabe-4038-a598-e906b0e66fa3',
  answer: 'Bienvenid@ a *FORSEG PEDIDO SUR*!А吼 Soy  tu asesor virtual.',
  options: {
    media: null,
    buttons: [],
    capture: false,
    child: null,
    delay: 0,
    nested: [],
    keyword: {},
    callback: false
  },
  refSerialize: '9aa0e09dd7d96a9d4f9024286e246c0e'
}
[QUEUE_SE_ENVIO]:  {
  ref: 'ans_9159a55f-8087-4697-acae-9907042b0cb5',
  keyword: 'ans_486a61ff-951c-4285-91fe-935b65cbfc3e',
  answer: '驴Con quien tenemos el gusto?',
  options: {
    media: null,
    buttons: [],
    capture: true,
    child: null,
    delay: 0,
    nested: [],
    keyword: {},
    callback: true
  },
  refSerialize: '101923f0012ef9c2859cdbc97836054b'
}
[handleMsg]:  {
  key: {
    remoteJid: '51915041603@s.whatsapp.net',
    fromMe: false,
    id: '3EB0C0BAC7FC9C99E25CC0',
    participant: undefined
  },
  messageTimestamp: 1696437132,
  pushName: 'Luis L贸pez ',
  broadcast: false,
  message: Message {
    extendedTextMessage: ExtendedTextMessage {
      text: 'Luis Lopez',
      contextInfo: [ContextInfo],
      inviteLinkGroupTypeV2: 0
    },
    messageContextInfo: MessageContextInfo {
      deviceListMetadata: [DeviceListMetadata],
      deviceListMetadataVersion: 2
    }
  },
  body: 'Luis Lopez',
  from: '51915041603'
}
[QUEUE_SE_ENVIO]:  {
  ref: 'ans_dc1d8292-40e2-4f2e-b18f-fcce33437b8e',
  keyword: 'ans_9159a55f-8087-4697-acae-9907042b0cb5',
  answer: '驴Con que RUC lo registramos / Cotizamos?\n' +
    'Si cuenta con RUC 10 ingrese su *Domicio Fiscal*',
  options: {
    media: null,
    buttons: [],
    capture: true,
    child: null,
    delay: 0,
    nested: [],
    keyword: {},
    callback: true
  },
  refSerialize: '54ed31a51a27e6c69720b101ac1d1f14'
}
[handleMsg]:  {
  key: {
    remoteJid: '51915041603@s.whatsapp.net',
    fromMe: false,
    id: '3EB02E933C507018220FE9',
    participant: undefined
  },
  messageTimestamp: 1696437138,
  pushName: 'Luis L贸pez ',
  broadcast: false,
  message: Message {
    extendedTextMessage: ExtendedTextMessage {
      text: '12345678 x',
      contextInfo: [ContextInfo],
      inviteLinkGroupTypeV2: 0
    },
    messageContextInfo: MessageContextInfo {
      deviceListMetadata: [DeviceListMetadata],
      deviceListMetadataVersion: 2
    }
  },
  body: '12345678 x',
  from: '51915041603'
}
[QUEUE_SE_ENVIO]:  {
  ref: 'ans_4c1624a4-386f-4ae0-918c-691f0450301b',
  keyword: 'ans_dc1d8292-40e2-4f2e-b18f-fcce33437b8e',
  answer: '驴En que zona de Lima le llevamos| provincia le enviamos el pedido?',
  options: {
    media: null,
    buttons: [],
    capture: true,
    child: null,
    delay: 0,
    nested: [ [Object], [Object] ],
    keyword: {},
    callback: true
  },
  refSerialize: 'dbd44e14a9828befe1f3f6c01d206ad4'
}
[handleMsg]:  {
  key: {
    remoteJid: '51915041603@s.whatsapp.net',
    fromMe: false,
    id: '3EB099831A8B042E4816E0',
    participant: undefined
  },
  messageTimestamp: 1696437143,
  pushName: 'Luis L贸pez ',
  broadcast: false,
  message: Message {
    extendedTextMessage: ExtendedTextMessage {
      text: 'San Juan',
      contextInfo: [ContextInfo],
      inviteLinkGroupTypeV2: 0
    },
    messageContextInfo: MessageContextInfo {
      deviceListMetadata: [DeviceListMetadata],
      deviceListMetadataVersion: 2
    }
  },
  body: 'San Juan',
  from: '51915041603'
}
[QUEUE_SE_ENVIO]:  {
  ref: 'ans_c2a00caf-3880-4abc-95e2-d966de3c316d',
  keyword: 'key_599acef2-8a59-463e-bc9b-c4b8a90c5061',
  answer: '驴C贸mo podemos ayudarte?\n' +
    ' 1锔 Deseo cotizar\n' +
    ' 2锔 Quiero productos de EPPs y se帽alizaci贸n \n' +
    ' 3锔 Necesito asesoria tecnica en caracteristicas, especificaciones y uso de EPPs\n' +
    ' 4锔 Requiero una presentaci贸n de muestras en mi centro comercial\n' +
    ' 5锔 Otros\n' +
    'Escribe la opci贸n que deseas锔',
  options: {
    media: null,
    buttons: [],
    capture: true,
    child: null,
    delay: 0,
    nested: [
      [Object], [Object],
      [Object], [Object],
      [Object], [Object],
      [Object], [Object],
      [Object], [Object]
    ],
    keyword: {},
    callback: true
  },
  refSerialize: 'ea741b03aad598d2789b5c3cd49bf649'
}
[handleMsg]:  {
  key: {
    remoteJid: '51915041603@s.whatsapp.net',
    fromMe: false,
    id: '3EB0C5C8A7B2C9A15AC11D',
    participant: undefined
  },
  messageTimestamp: 1696437148,
  pushName: 'Luis L贸pez ',
  broadcast: false,
  message: Message {
    extendedTextMessage: ExtendedTextMessage {
      text: '1',
      contextInfo: [ContextInfo],
      inviteLinkGroupTypeV2: 0
    },
    messageContextInfo: MessageContextInfo {
      deviceListMetadata: [DeviceListMetadata],
      deviceListMetadataVersion: 2
    }
  },
  body: '1',
  from: '51915041603'
}
[QUEUE_SE_ENVIO]:  {
  ref: 'ans_09869f81-4fa8-44fa-815a-074254422b8f',
  keyword: 'key_28d798e6-247f-4f88-843e-5275ca35738a',
  answer: '驴Qu茅 productos desea que le cotize?\n' +
    'Escriba el producto, cantidad, tallas y si es muy amable una imagen de referencia',
  options: {
    media: null,
    buttons: [],
    capture: true,
    child: null,
    delay: 0,
    nested: [ [Object], [Object], [Object], [Object] ],
    keyword: {},
    callback: true
  },
  refSerialize: '15bfdc7aded895177c3599653e8ef15e'
}
[handleMsg]:  {
  key: {
    remoteJid: '51915041603@s.whatsapp.net',
    fromMe: false,
    id: '3EB05E029AC13B54BCB594',
    participant: undefined
  },
  messageTimestamp: 1696437179,
  pushName: 'Luis L贸pez ',
  broadcast: false,
  message: Message {
    extendedTextMessage: ExtendedTextMessage {
      text: '2 mascariilas, talla 23',
      contextInfo: [ContextInfo],
      inviteLinkGroupTypeV2: 0
    },
    messageContextInfo: MessageContextInfo {
      deviceListMetadata: [DeviceListMetadata],
      deviceListMetadataVersion: 2
    }
  },
  body: '2 mascariilas, talla 23',
  from: '51915041603'
}
[QUEUE_SE_ENVIO]:  {
  ref: 'ans_62186649-6c40-461c-8e0e-71a27830e04d',
  keyword: 'key_826a5ead-2544-46b2-856f-0c6f4bb5c031',
  answer: 'Listo! *En breves momentos le estaremos enviando su cotizacion realizada*',
  options: {
    media: null,
    buttons: [],
    capture: false,
    child: null,
    delay: 0,
    nested: [],
    keyword: {},
    callback: false
  },
  refSerialize: 'ea015b5720708b1849c838b5049f350b'
}
[QUEUE_SE_ENVIO]:  {
  ref: 'ans_46733531-8163-4130-af65-a951ad98d521',
  keyword: 'ans_62186649-6c40-461c-8e0e-71a27830e04d',
  answer: '__call_action__',
  options: {
    media: null,
    buttons: [],
    capture: false,
    child: null,
    delay: 0,
    nested: [],
    keyword: {},
    callback: true
  },
  refSerialize: '25f704ea9208936063081914e2498166'
}
[QUEUE_SE_ENVIO]:  {
  ref: 'ans_d6e4e7a4-d84a-4728-b32b-2218bad16fb3',
  keyword: 'ans_46733531-8163-4130-af65-a951ad98d521',
  answer: 'Para poder darte un servicio cada vez mejor y atenderte de acuerdo a tus necesidades, por favor, cu茅ntanos tu experiencia\n' +
    'https://forms.gle/eeNZVRQGKVNEhgYr6',
  options: {
    media: null,
    buttons: [],
    capture: false,
    child: null,
    delay: 5000,
    nested: [],
    keyword: {},
    callback: false
  },
  refSerialize: 'b04001b42678bc029ad4bab71c6e84d1'
}
